AdBa	None	 2
None	 2
None	 2
None	 2
None	 2
None	 2
None	 2
None	 2
None	 2
None	 2
None	 2
None	 2
None	 2

AdRu	None	 2
None	 2

AdWo	None	 2

AdiDaKe	None	 2
None	 2
None	 2

AdiJeKr	None	 2
None	 2
None	 2
None	 2
None	 2
None	 2
None	 2
None	 2
None	 2
None	 2
None	 2
None	 2
None	 2
None	 2
None	 2
None	 2
None	 2
None	 2
None	 2

AlGu	None	 2
None	 2
None	 2
None	 2
None	 2
None	 2
None	 2
None	 2
None	 2
None	 2
None	 2
None	 2

AlLe	None	 2
None	 2
None	 2
None	 2
None	 2
None	 2

AnCi	None	 2
None	 2
None	 2
None	 2
None	 2
None	 2
None	 2
None	 2
None	 2
None	 2

AnGł	None	 2

AnRa	None	 2
None	 2
None	 2
None	 2
None	 2
None	 2
None	 2

AnSt	None	 2
None	 2
None	 2
None	 2
None	 2

AnWa	None	 2
None	 2
None	 2
None	 2
None	 2
None	 2
None	 2
None	 2
None	 2
None	 2
None	 2
None	 2
None	 2
None	 2
None	 2
None	 2
None	 2
None	 2
None	 2
None	 2

AniIwPr	None	 2
None	 2
None	 2
None	 2

AniZbGa	None	 2
None	 2
None	 2
None	 2
None	 2
None	 2
None	 2

AniZyOl	None	 2
None	 2
None	 2
None	 2
None	 2
None	 2
None	 2
None	 2
None	 2
None	 2
None	 2
None	 2
None	 2
None	 2
None	 2
None	 2
None	 2
None	 2
None	 2
None	 2

AnŁo	None	 2

AnPozro	None	 2
None	 2
None	 2
None	 2
None	 2
None	 2
None	 2
None	 2
None	 2
None	 2
None	 2
None	 2
None	 2
None	 2
None	 2
None	 2
None	 2

ArMu	None	 2
None	 2
None	 2
None	 2
None	 2
None	 2
None	 2
None	 2
None	 2
None	 2
None	 2
None	 2
None	 2
None	 2
None	 2
None	 2
None	 2
None	 2

ArKł	None	 2
None	 2
None	 2

BoFo	None	 2
None	 2
None	 2
None	 2
None	 2
None	 2
None	 2
None	 2
None	 2

BoKa	None	 2
None	 2
None	 2
None	 2
None	 2
None	 2
None	 2
None	 2
None	 2

BoKr	None	 2

BoSzzro	None	 2
None	 2
None	 2
None	 2
None	 2
None	 2
None	 2
None	 2
None	 2
None	 2
None	 2
None	 2
None	 2
None	 2
None	 2
None	 2

BoDu-Jazro	None	 2
None	 2
None	 2
None	 2

BoCu	None	 2
None	 2
None	 2
None	 2
None	 2
None	 2
None	 2
None	 2
None	 2
None	 2
None	 2
None	 2
None	 2
None	 2
None	 2
None	 2
None	 2
None	 2
None	 2

BoKo	None	 2
None	 2
None	 2

BoWi	None	 2

CeSz	None	 2
None	 2
None	 2
None	 2

DaMi	None	 2
None	 2
None	 2
None	 2
None	 2
None	 2
None	 2
None	 2
None	 2
None	 2
None	 2
None	 2
None	 2
None	 2
None	 2
None	 2

DaWo	None	 2
None	 2
None	 2
None	 2
None	 2
None	 2
None	 2
None	 2

EliJaTa	None	 2
None	 2
None	 2
None	 2

FrJo	None	 2
None	 2
None	 2

GrAn	None	 2
None	 2
None	 2
None	 2
None	 2
None	 2
None	 2

GrDz	None	 2
None	 2
None	 2
None	 2
None	 2
None	 2
None	 2
None	 2

GrGr	None	 2
None	 2
None	 2
None	 2
None	 2
None	 2
None	 2
None	 2
None	 2
None	 2
None	 2
None	 2
None	 2
None	 2
None	 2
None	 2
None	 2
None	 2
None	 2
None	 2

GrJa	None	 2
None	 2
None	 2
None	 2
None	 2
None	 2
None	 2
None	 2
None	 2
None	 2
None	 2
None	 2

HeŁu	None	 2
None	 2
None	 2
None	 2

HeKa	None	 2
None	 2
None	 2
None	 2
None	 2

HeSt	None	 2
None	 2
None	 2
None	 2
None	 2
None	 2
None	 2
None	 2
None	 2
None	 2
None	 2
None	 2
None	 2
None	 2
None	 2
None	 2
None	 2
None	 2
None	 2
None	 2

IgPe	None	 2
None	 2
None	 2
None	 2
None	 2
None	 2
None	 2

IrEriHeOr	None	 2
None	 2
None	 2
None	 2
None	 2
None	 2
None	 2
None	 2
None	 2
None	 2
None	 2
None	 2
None	 2
None	 2
None	 2
None	 2
None	 2
None	 2

JaRu	None	 2
None	 2
None	 2
None	 2
None	 2
None	 2
None	 2
None	 2
None	 2
None	 2
None	 2
None	 2
None	 2
None	 2
None	 2

JaSa	None	 2
None	 2
None	 2
None	 2
None	 2
None	 2
None	 2
None	 2
None	 2
None	 2
None	 2

JaSt	None	 2
None	 2
None	 2
None	 2
None	 2

JaZa	None	 2
None	 2
None	 2
None	 2
None	 2

JaKu	None	 2
None	 2
None	 2
None	 2
None	 2
None	 2
None	 2
None	 2
None	 2
None	 2
None	 2
None	 2
None	 2
None	 2
None	 2
None	 2
None	 2

JaiElFi	None	 2
None	 2
None	 2
None	 2
None	 2
None	 2
None	 2
None	 2
None	 2
None	 2
None	 2
None	 2
None	 2
None	 2
None	 2
None	 2
None	 2
None	 2
None	 2

JeGr	None	 2
None	 2
None	 2

JeLu	None	 2
None	 2
None	 2
None	 2
None	 2
None	 2
None	 2
None	 2

JeMa	None	 2
None	 2
None	 2
None	 2
None	 2
None	 2
None	 2
None	 2
None	 2
None	 2
None	 2
None	 2
None	 2

JeSt	None	 2
None	 2
None	 2
None	 2
None	 2
None	 2
None	 2
None	 2
None	 2
None	 2
None	 2
None	 2
None	 2
None	 2
None	 2
None	 2
None	 2
None	 2
None	 2
None	 2

JeUr	None	 2
None	 2
None	 2
None	 2

JóBi	None	 2
None	 2
None	 2
None	 2
None	 2

JóWo	None	 2
None	 2
None	 2
None	 2
None	 2
None	 2
None	 2
None	 2
None	 2
None	 2
None	 2
None	 2
None	 2
None	 2
None	 2
None	 2
None	 2
None	 2

JóiMaKo	None	 2
None	 2
None	 2
None	 2
None	 2
None	 2
None	 2
None	 2
None	 2
None	 2
None	 2
None	 2
None	 2
None	 2
None	 2

JęWi	None	 2

KaPa	None	 2
None	 2
None	 2
None	 2
None	 2
None	 2
None	 2
None	 2
None	 2
None	 2
None	 2
None	 2
None	 2
None	 2
None	 2

KrKl	None	 2
None	 2
None	 2
None	 2
None	 2
None	 2
None	 2
None	 2
None	 2
None	 2
None	 2
None	 2
None	 2
None	 2
None	 2
None	 2
None	 2
None	 2
None	 2
None	 2

KrMu	None	 2
None	 2
None	 2
None	 2
None	 2
None	 2
None	 2
None	 2

KrNi	None	 2
None	 2
None	 2
None	 2
None	 2
None	 2
None	 2
None	 2
None	 2
None	 2
None	 2
None	 2

KrOl	None	 2
None	 2
None	 2
None	 2
None	 2
None	 2
None	 2
None	 2
None	 2
None	 2
None	 2
None	 2

KriArBa	None	 2

LeCz	None	 2
None	 2
None	 2
None	 2
None	 2
None	 2
None	 2
None	 2
None	 2
None	 2
None	 2
None	 2
None	 2
None	 2
None	 2
None	 2
None	 2
None	 2
None	 2
None	 2

MaNa	None	 2
None	 2
None	 2
None	 2
None	 2
None	 2
None	 2
None	 2
None	 2
None	 2
None	 2
None	 2
None	 2

MaJu	None	 2
None	 2
None	 2
None	 2
None	 2
None	 2
None	 2
None	 2

MaKa	None	 2
None	 2
None	 2
None	 2
None	 2
None	 2
None	 2
None	 2
None	 2
None	 2

MaKo	None	 2
None	 2
None	 2

MaMi	None	 2
None	 2
None	 2
None	 2
None	 2
None	 2
None	 2
None	 2
None	 2
None	 2
None	 2
None	 2

MaPi	None	 2
None	 2
None	 2
None	 2
None	 2
None	 2
None	 2
None	 2

MaPr	None	 2
None	 2
None	 2
None	 2
None	 2
None	 2
None	 2
None	 2
None	 2
None	 2
None	 2
None	 2

MaRo	None	 2
None	 2
None	 2

MaKw	None	 2
None	 2
None	 2
None	 2
None	 2
None	 2
None	 2
None	 2

MaRz	None	 2

MaWa	None	 2
None	 2
None	 2
None	 2
None	 2
None	 2
None	 2
None	 2
None	 2
None	 2
None	 2
None	 2
None	 2
None	 2
None	 2
None	 2

MaŁu	None	 2
None	 2
None	 2
None	 2
None	 2
None	 2

MaŚw	None	 2
None	 2
None	 2
None	 2
None	 2
None	 2
None	 2
None	 2
None	 2
None	 2
None	 2
None	 2
None	 2
None	 2
None	 2
None	 2
None	 2

MiSo	None	 2
None	 2
None	 2
None	 2
None	 2
None	 2
None	 2
None	 2
None	 2
None	 2
None	 2
None	 2
None	 2
None	 2
None	 2
None	 2
None	 2
None	 2
None	 2
None	 2

MiCi	None	 2
None	 2
None	 2
None	 2
None	 2
None	 2
None	 2
None	 2
None	 2
None	 2
None	 2

OlMa	None	 2
None	 2
None	 2
None	 2
None	 2
None	 2
None	 2

PaRo	None	 2
None	 2
None	 2
None	 2
None	 2
None	 2
None	 2

PiBi	None	 2
None	 2
None	 2
None	 2
None	 2
None	 2
None	 2

PiJóBu	None	 2
None	 2
None	 2
None	 2
None	 2
None	 2
None	 2

PiKl	None	 2
None	 2
None	 2
None	 2

PiNi	None	 2
None	 2
None	 2
None	 2

PiVo	None	 2
None	 2
None	 2
None	 2
None	 2
None	 2
None	 2
None	 2
None	 2
None	 2
None	 2
None	 2
None	 2
None	 2

PiiPaWo	None	 2
None	 2
None	 2
None	 2
None	 2
None	 2
None	 2
None	 2

RaWi	None	 2
None	 2
None	 2

RoKa	None	 2
None	 2
None	 2
None	 2
None	 2
None	 2
None	 2
None	 2
None	 2
None	 2
None	 2
None	 2
None	 2

RoWe	None	 2
None	 2
None	 2
None	 2
None	 2
None	 2
None	 2
None	 2
None	 2
None	 2
None	 2

RoKl	None	 2
None	 2
None	 2
None	 2
None	 2
None	 2
None	 2
None	 2
None	 2
None	 2
None	 2
None	 2
None	 2
None	 2
None	 2
None	 2
None	 2
None	 2
None	 2

RoiGrKa	None	 2
None	 2
None	 2
None	 2
None	 2
None	 2
None	 2
None	 2
None	 2
None	 2
None	 2
None	 2
None	 2
None	 2
None	 2
None	 2

RoSt	None	 2
None	 2
None	 2
None	 2
None	 2
None	 2
None	 2
None	 2
None	 2
None	 2
None	 2
None	 2
None	 2

RuSk	None	 2
None	 2
None	 2
None	 2
None	 2

RyFlzro	None	 2
None	 2
None	 2
None	 2
None	 2
None	 2
None	 2
None	 2
None	 2
None	 2
None	 2
None	 2

RyKr	None	 2
None	 2
None	 2
None	 2
None	 2
None	 2
None	 2
None	 2
None	 2
None	 2
None	 2
None	 2
None	 2

RyPi	None	 2
None	 2
None	 2
None	 2
None	 2
None	 2
None	 2
None	 2

RyVa	None	 2
None	 2
None	 2
None	 2
None	 2
None	 2
None	 2
None	 2
None	 2
None	 2

SoZa	None	 2
None	 2
None	 2
None	 2
None	 2
None	 2
None	 2
None	 2
None	 2
None	 2
None	 2
None	 2

StCi	None	 2
None	 2
None	 2
None	 2
None	 2
None	 2
None	 2
None	 2

StHa	None	 2
None	 2
None	 2
None	 2
None	 2
None	 2
None	 2
None	 2
None	 2
None	 2
None	 2
None	 2
None	 2
None	 2
None	 2
None	 2

StTy	None	 2
None	 2
None	 2
None	 2
None	 2
None	 2
None	 2
None	 2

SłSm	None	 2
None	 2
None	 2
None	 2
None	 2
None	 2
None	 2
None	 2
None	 2
None	 2
None	 2
None	 2

TaBa	None	 2
None	 2
None	 2

TaCh	None	 2
None	 2
None	 2
None	 2
None	 2
None	 2
None	 2
None	 2
None	 2
None	 2
None	 2
None	 2
None	 2
None	 2
None	 2
None	 2
None	 2
None	 2
None	 2
None	 2

TaKuzro	None	 2
None	 2
None	 2
None	 2
None	 2
None	 2
None	 2

TaLi	None	 2
None	 2
None	 2
None	 2
None	 2
None	 2
None	 2
None	 2

TaWe	None	 2
None	 2
None	 2
None	 2
None	 2

TaWi	None	 2
None	 2
None	 2
None	 2
None	 2
None	 2
None	 2
None	 2
None	 2
None	 2

TeMozro	None	 2
None	 2
None	 2
None	 2
None	 2
None	 2
None	 2
None	 2
None	 2
None	 2
None	 2
None	 2

ToCz	None	 2
None	 2
None	 2
None	 2
None	 2
None	 2
None	 2
None	 2
None	 2
None	 2
None	 2
None	 2
None	 2
None	 2
None	 2

ToKo	None	 2
None	 2
None	 2
None	 2
None	 2

ToMo	None	 2
None	 2
None	 2
None	 2

ToSi	None	 2
None	 2
None	 2
None	 2
None	 2
None	 2
None	 2

ToiDoKu	None	 2
None	 2
None	 2
None	 2

UrGr	None	 2
None	 2
None	 2

WaJo	None	 2
None	 2
None	 2

WaRa	None	 2
None	 2
None	 2
None	 2

WiKo	None	 2
None	 2
None	 2
None	 2

WiWi	None	 2
None	 2
None	 2
None	 2
None	 2
None	 2
None	 2
None	 2

WiWo	None	 2
None	 2
None	 2
None	 2

WiWł	None	 2
None	 2
None	 2
None	 2
None	 2
None	 2
None	 2
None	 2
None	 2
None	 2
None	 2
None	 2

WoMo	None	 2
None	 2
None	 2
None	 2

WoMr	None	 2
None	 2
None	 2
None	 2
None	 2
None	 2
None	 2
None	 2
None	 2
None	 2
None	 2
None	 2

WoPl-Pl	None	 2
None	 2
None	 2
None	 2
None	 2
None	 2
None	 2
None	 2
None	 2
None	 2
None	 2
None	 2
None	 2
None	 2
None	 2

WoSz	None	 2

WoiDoSo	None	 2
None	 2
None	 2
None	 2
None	 2
None	 2
None	 2
None	 2
None	 2
None	 2
None	 2
None	 2
None	 2
None	 2
None	 2
None	 2
None	 2
None	 2

WłOw	None	 2
None	 2
None	 2
None	 2

WłWł	None	 2
None	 2

ZbGr	None	 2
None	 2
None	 2

ZbJa	None	 2
None	 2
None	 2
None	 2
None	 2
None	 2
None	 2
None	 2
None	 2
None	 2
None	 2
None	 2
None	 2
None	 2
None	 2
None	 2
None	 2
None	 2
None	 2
None	 2

ZbJu	None	 2
None	 2
None	 2
None	 2
None	 2
None	 2
None	 2
None	 2
None	 2
None	 2
None	 2
None	 2
None	 2
None	 2

ZbKozro	None	 2
None	 2
None	 2
None	 2
None	 2
None	 2
None	 2
None	 2
None	 2
None	 2
None	 2
None	 2
None	 2
None	 2
None	 2
None	 2
None	 2
None	 2
None	 2

ZbNi	None	 2
None	 2
None	 2
None	 2
None	 2
None	 2
None	 2
None	 2
None	 2
None	 2
None	 2
None	 2
None	 2
None	 2
None	 2
None	 2
None	 2
None	 2
None	 2
None	 2

ZbSozro	None	 2
None	 2
None	 2

ZbiRySk	None	 2
None	 2
None	 2
None	 2
None	 2

ZdSa	None	 2
None	 2
None	 2
None	 2
None	 2
None	 2
None	 2

ZeSr	None	 2
None	 2
None	 2
None	 2
None	 2
None	 2
None	 2

ZeZizro	None	 2
None	 2
None	 2
None	 2
None	 2
None	 2
None	 2
None	 2
None	 2
None	 2

ZySo	None	 2
None	 2
None	 2
None	 2
None	 2
None	 2
None	 2
None	 2
None	 2
None	 2
None	 2
None	 2
None	 2
None	 2
None	 2
None	 2
None	 2
None	 2
None	 2

AdGó	None	 2
None	 2
None	 2
None	 2
None	 2
None	 2
None	 2
None	 2
None	 2
None	 2
None	 2
None	 2
None	 2
None	 2
None	 2

AdKe	None	 2

AdKr	None	 2
None	 2

AlWe	None	 2
None	 2

AnWi	None	 2

AnPo	None	 2
None	 2
None	 2
None	 2

AnPt	None	 2
None	 2
None	 2
None	 2
None	 2
None	 2
None	 2
None	 2
None	 2

BaIn	None	 2
None	 2

BaKazro	None	 2

BoiElKa	None	 2
None	 2

DaKe	None	 2

DaOszro	None	 2

DoKu	None	 2
None	 2

DoiWoSo	None	 2
None	 2
None	 2

EdŁu	None	 2
None	 2
None	 2
None	 2
None	 2
None	 2
None	 2
None	 2

GrKu	None	 2
None	 2
None	 2
None	 2
None	 2
None	 2
None	 2
None	 2
None	 2
None	 2
None	 2
None	 2
None	 2

GrĆw	None	 2
None	 2

HeRu	None	 2
None	 2
None	 2
None	 2
None	 2
None	 2
None	 2
None	 2
None	 2
None	 2

IgKl	None	 2

IrEr	None	 2
None	 2

JaFu	None	 2
None	 2

JaPa	None	 2
None	 2
None	 2
None	 2
None	 2
None	 2
None	 2
None	 2
None	 2
None	 2
None	 2
None	 2

JaLu	None	 2

JaWr	None	 2
None	 2
None	 2

JaDr	None	 2

JeKa	None	 2
None	 2
None	 2
None	 2
None	 2
None	 2
None	 2
None	 2
None	 2
None	 2
None	 2
None	 2

JóSz	None	 2
None	 2
None	 2
None	 2
None	 2
None	 2
None	 2
None	 2
None	 2
None	 2
None	 2
None	 2
None	 2

JóWi	None	 2
None	 2
None	 2
None	 2
None	 2
None	 2

KrBo	None	 2
None	 2
None	 2
None	 2

KrGr	None	 2
None	 2
None	 2
None	 2
None	 2
None	 2
None	 2
None	 2
None	 2
None	 2
None	 2
None	 2
None	 2
None	 2
None	 2

KrKo	None	 2
None	 2

KrPa	None	 2
None	 2
None	 2
None	 2
None	 2
None	 2
None	 2
None	 2
None	 2
None	 2
None	 2
None	 2
None	 2
None	 2
None	 2

KrPr	None	 2
None	 2
None	 2
None	 2
None	 2
None	 2
None	 2
None	 2
None	 2
None	 2
None	 2
None	 2
None	 2
None	 2
None	 2

KrSu	None	 2
None	 2
None	 2
None	 2
None	 2
None	 2
None	 2
None	 2
None	 2

KriSoOl	None	 2
None	 2
None	 2
None	 2
None	 2
None	 2
None	 2

LeBo	None	 2
None	 2
None	 2
None	 2
None	 2
None	 2

LeGi	None	 2
None	 2
None	 2
None	 2
None	 2
None	 2
None	 2
None	 2

LeSz	None	 2

MaWi	None	 2
None	 2
None	 2

MaiMaAd	None	 2
None	 2
None	 2
None	 2

MaGo	None	 2

MaIw	None	 2
None	 2
None	 2
None	 2

MaĆw	None	 2
None	 2

MaGa	None	 2

MaJa	None	 2

MiKi	None	 2
None	 2
None	 2
None	 2

MiKo	None	 2

MiPl	None	 2

PaMa	None	 2

PiSz	None	 2
None	 2
None	 2

PrGa	None	 2
None	 2

ReiToSz	None	 2

RoiAnLe	None	 2

RoKo	None	 2
None	 2

RyFl	None	 2
None	 2
None	 2
None	 2
None	 2
None	 2
None	 2
None	 2

RyiEwLe	None	 2
None	 2
None	 2
None	 2
None	 2

SeKu	None	 2
None	 2

SeĆw	None	 2
None	 2

SzWr	None	 2

SłRu	None	 2
None	 2
None	 2
None	 2
None	 2
None	 2
None	 2
None	 2
None	 2
None	 2
None	 2
None	 2
None	 2

TeMo	None	 2
None	 2
None	 2
None	 2
None	 2
None	 2
None	 2

ToBi	None	 2
None	 2
None	 2

ToDo	None	 2
None	 2
None	 2
None	 2
None	 2

ToFu	None	 2
None	 2

ToGu	None	 2
None	 2
None	 2
None	 2
None	 2
None	 2
None	 2
None	 2
None	 2

WaSz	None	 2

WiLi	None	 2
None	 2

WoFu	None	 2
None	 2

ZbKo	None	 2
None	 2

ZbWa	None	 2
None	 2

ZbWo	None	 2
None	 2
None	 2
None	 2
None	 2

ZdSt	None	 2
None	 2
None	 2
None	 2
None	 2
None	 2
None	 2
None	 2
None	 2
None	 2
None	 2
None	 2
None	 2

ZeZi	None	 2
None	 2

ŁuWe	None	 2
None	 2
None	 2
None	 2
None	 2
None	 2
None	 2
None	 2
None	 2

JaiWoSt	None	 2
None	 2
None	 2
None	 2

JaGo	None	 2
None	 2
None	 2

RoBą	None	 2
None	 2

TaNi	None	 2
None	 2
None	 2
None	 2
None	 2

WiDu	None	 2

ZbPr	None	 2
None	 2
None	 2
None	 2

AdiPiRą	None	 2
None	 2
None	 2
None	 2
None	 2
None	 2
None	 2
None	 2
None	 2
None	 2

AnCz	None	 2
None	 2
None	 2

AnSz	None	 2
None	 2
None	 2
None	 2
None	 2
None	 2
None	 2
None	 2
None	 2
None	 2

ArTo	None	 2
None	 2
None	 2
None	 2
None	 2
None	 2
None	 2
None	 2
None	 2
None	 2
None	 2

BoWyzżo	None	 2
None	 2
None	 2
None	 2
None	 2
None	 2
None	 2
None	 2
None	 2
None	 2
None	 2

JaDo	None	 2
None	 2
None	 2

JaKozro	None	 2
None	 2
None	 2
None	 2
None	 2
None	 2
None	 2
None	 2

JeWizżo	None	 2
None	 2
None	 2
None	 2
None	 2
None	 2
None	 2

KaiWiPo	None	 2
None	 2
None	 2
None	 2

KrKozro	None	 2
None	 2
None	 2

KrDo	None	 2
None	 2
None	 2
None	 2
None	 2
None	 2
None	 2
None	 2
None	 2
None	 2
None	 2
None	 2

KrJę	None	 2
None	 2
None	 2
None	 2
None	 2
None	 2
None	 2

MaKr	None	 2
None	 2
None	 2
None	 2
None	 2
None	 2

MaMa	None	 2
None	 2
None	 2
None	 2
None	 2
None	 2
None	 2
None	 2
None	 2
None	 2
None	 2
None	 2
None	 2
None	 2

MaSt	None	 2
None	 2
None	 2

NgTuTa	None	 2
None	 2

PiSo	None	 2

PrSz	None	 2
None	 2
None	 2
None	 2
None	 2
None	 2
None	 2

StKu	None	 2
None	 2

SyCa	None	 2
None	 2
None	 2
None	 2
None	 2
None	 2
None	 2
None	 2
None	 2
None	 2
None	 2
None	 2

ToKu	None	 2
None	 2
None	 2

WaKi	None	 2
None	 2
None	 2

WiLizro	None	 2
None	 2
None	 2
None	 2
None	 2
None	 2
None	 2
None	 2
None	 2
None	 2
None	 2

WoWazżo	None	 2
None	 2
None	 2
None	 2
None	 2
None	 2
None	 2

ZbOp	None	 2
None	 2
None	 2

AnAd	None	 2
None	 2

AnKa	None	 2
None	 2

AnKo	None	 2
None	 2

AnPa	None	 2
None	 2

AnRy	None	 2

AniLePi	None	 2
None	 2

ArGa	None	 2

DaSo	None	 2
None	 2
None	 2

DoZa	None	 2

EliToCh	None	 2

EwŻu	None	 2
None	 2

HeKu	None	 2
None	 2

JaKa	None	 2
None	 2

JaMy	None	 2
None	 2

JaBi	None	 2

JaKi	None	 2
None	 2

JeHuGi	None	 2
None	 2

JeKr	None	 2
None	 2

JeSz	None	 2
None	 2
None	 2

LuOp	None	 2

MaFo	None	 2
None	 2
None	 2
None	 2
None	 2
None	 2
None	 2
None	 2

MaGr	None	 2
None	 2

MaAn	None	 2
None	 2

MaBo	None	 2
None	 2

MiSk	None	 2
None	 2

PaOb	None	 2
None	 2

PiBy	None	 2

PiMi	None	 2
None	 2

PiRo	None	 2

PiSm	None	 2
None	 2

PiŁu	None	 2

RyŚc	None	 2

TaBr	None	 2

ToGo	None	 2

WiMa	None	 2

WiBi	None	 2
None	 2

WiSa	None	 2

WiZa	None	 2

WoCi	None	 2

ZbMo	None	 2
None	 2

AgWe	None	 2
None	 2
None	 2
None	 2
None	 2
None	 2
None	 2

AlWezdz	None	 2
None	 2
None	 2
None	 2
None	 2
None	 2
None	 2

AnOl	None	 2
None	 2
None	 2
None	 2
None	 2
None	 2
None	 2

GeEf	None	 2
None	 2
None	 2
None	 2
None	 2

KaHe	None	 2
None	 2
None	 2
None	 2
None	 2
None	 2
None	 2
None	 2
None	 2
None	 2
None	 2

LeGa	None	 2
None	 2
None	 2
None	 2
None	 2
None	 2
None	 2
None	 2

MiiAdPl	None	 2
None	 2
None	 2
None	 2
None	 2

PiNo	None	 2
None	 2

RaBr	None	 2
None	 2
None	 2
None	 2
None	 2

RoJ.Śc	None	 2
None	 2

StBi	None	 2
None	 2
None	 2
None	 2
None	 2
None	 2
None	 2

ToZa	None	 2
None	 2
None	 2
None	 2
None	 2
None	 2

ViWe	None	 2
None	 2
None	 2
None	 2
None	 2
None	 2

WiTeHe	None	 2
None	 2

ZeDu	None	 2
None	 2
None	 2
None	 2
None	 2
None	 2

ZyŻu	None	 2
None	 2

GrKi	None	 2

JaSz	None	 2

MaFa	None	 2
None	 2
None	 2

PaiMaSz	None	 2
None	 2
None	 2

PriRaKo	None	 2
None	 2
None	 2
None	 2

SeMa	None	 2
None	 2
None	 2

TaGo	None	 2
None	 2
None	 2
None	 2

TaSe	None	 2
None	 2
None	 2

ZbBe	None	 2
None	 2
None	 2
None	 2

AdBazsy	None	 2
None	 2
None	 2
None	 2

HeiPaKo	None	 2
None	 2
None	 2

MaKs	None	 2
None	 2
None	 2

RoŚc	None	 2
None	 2

ToDozro	None	 2
None	 2
None	 2
None	 2

WiHe	None	 2
None	 2
None	 2
None	 2

ZbJuzro	None	 2
None	 2
None	 2
None	 2

IwiWaKu	None	 2

MiPlzro	None	 2

AdiMiPl	None	 2
None	 2

AniRoLe	
ArPe	
EwiRyLe	None	 2

JaCi	
KaiArBł	
MaPo	
MaDe	None	 2

PaPr	None	 2

PiJa	
RoDaKo	
WiŻy	
ZbiMaJu	
ŁuNo	
LeiKrJę	None	 2

DaDą	None	 2

KoPa	None	 2

LeKo	None	 2

LuKu	None	 2
None	 2

MaPa	None	 2

PiKr	None	 2
None	 2

RoLe	None	 2

WiCh	None	 2

WoŚm	None	 2

ZbiDaFi	None	 2

KaWi	None	 2
None	 2

PiWi	None	 2
None	 2

RoSz	None	 2

StRo	None	 2
None	 2
None	 2

BaUrMa	None	 2
None	 2

JaUr	None	 2
None	 2

JaWa	None	 2
None	 2

JóKa	None	 2
None	 2

KaMi	None	 2
None	 2

MaGlzro	None	 2
None	 2

ToMi	None	 2
None	 2

WoRy	None	 2
None	 2

ZdKa	None	 2
None	 2

AnMi	None	 2

DoiSeKu	None	 2
None	 2

EliBoKa	None	 2

EliJaFi	None	 2

GriRoKa	None	 2

GrSt	None	 2
None	 2

JeWi	None	 2

SoiKrOl	None	 2

UrSi	None	 2

ZyiAnOl	None	 2

DaBo	None	 2

JeMi	None	 2

JoiWiPo	None	 2

KrKr	None	 2

MiLa	None	 2

WaWi	None	 2

WiOs	None	 2

BeiWłOs	None	 2

DaiKaMz	None	 2

GriBoWi	None	 2

JaLuLa	None	 2

JoiDaOs	None	 2

OlMe	None	 2

RoSo	None	 2

